<?xml version="1.0" encoding="UTF-8"?>
<testng-results skipped="0" failed="1" ignored="0" total="3" passed="2">
  <reporter-output>
  </reporter-output>
  <suite name="Default suite" duration-ms="10915" started-at="2019-03-13T03:28:26Z" finished-at="2019-03-13T03:28:37Z">
    <groups>
    </groups>
    <test name="Default test" duration-ms="10915" started-at="2019-03-13T03:28:26Z" finished-at="2019-03-13T03:28:37Z">
      <class name="com.crm.qa.testcaases.LoginPageTest">
        <test-method status="PASS" signature="setUp()[pri:0, instance:com.crm.qa.testcaases.LoginPageTest@39c0f4a]" name="setUp" is-config="true" duration-ms="4707" started-at="2019-03-13T03:28:26Z" finished-at="2019-03-13T03:28:30Z">
          <reporter-output>
          </reporter-output>
        </test-method> <!-- setUp -->
        <test-method status="PASS" signature="loginPageTitleTest()[pri:1, instance:com.crm.qa.testcaases.LoginPageTest@39c0f4a]" name="loginPageTitleTest" duration-ms="16" started-at="2019-03-13T03:28:30Z" finished-at="2019-03-13T03:28:30Z">
          <reporter-output>
          </reporter-output>
        </test-method> <!-- loginPageTitleTest -->
        <test-method status="PASS" signature="tearDown()[pri:0, instance:com.crm.qa.testcaases.LoginPageTest@39c0f4a]" name="tearDown" is-config="true" duration-ms="98" started-at="2019-03-13T03:28:30Z" finished-at="2019-03-13T03:28:30Z">
          <reporter-output>
          </reporter-output>
        </test-method> <!-- tearDown -->
        <test-method status="PASS" signature="setUp()[pri:0, instance:com.crm.qa.testcaases.LoginPageTest@39c0f4a]" name="setUp" is-config="true" duration-ms="2661" started-at="2019-03-13T03:28:30Z" finished-at="2019-03-13T03:28:33Z">
          <reporter-output>
          </reporter-output>
        </test-method> <!-- setUp -->
        <test-method status="PASS" signature="loginPageImageTest()[pri:2, instance:com.crm.qa.testcaases.LoginPageTest@39c0f4a]" name="loginPageImageTest" duration-ms="38" started-at="2019-03-13T03:28:33Z" finished-at="2019-03-13T03:28:33Z">
          <reporter-output>
          </reporter-output>
        </test-method> <!-- loginPageImageTest -->
        <test-method status="PASS" signature="tearDown()[pri:0, instance:com.crm.qa.testcaases.LoginPageTest@39c0f4a]" name="tearDown" is-config="true" duration-ms="97" started-at="2019-03-13T03:28:33Z" finished-at="2019-03-13T03:28:33Z">
          <reporter-output>
          </reporter-output>
        </test-method> <!-- tearDown -->
        <test-method status="PASS" signature="setUp()[pri:0, instance:com.crm.qa.testcaases.LoginPageTest@39c0f4a]" name="setUp" is-config="true" duration-ms="2735" started-at="2019-03-13T03:28:33Z" finished-at="2019-03-13T03:28:36Z">
          <reporter-output>
          </reporter-output>
        </test-method> <!-- setUp -->
        <test-method status="FAIL" signature="loginTest()[pri:3, instance:com.crm.qa.testcaases.LoginPageTest@39c0f4a]" name="loginTest" duration-ms="426" started-at="2019-03-13T03:28:36Z" finished-at="2019-03-13T03:28:36Z">
          <exception class="java.lang.Error">
            <message>
              <![CDATA[Unresolved compilation problem: 
Default constructor cannot handle exception type IOException thrown by implicit super constructor. Must define an explicit constructor
]]>
            </message>
            <full-stacktrace>
              <![CDATA[java.lang.Error: Unresolved compilation problem: 
Default constructor cannot handle exception type IOException thrown by implicit super constructor. Must define an explicit constructor

at com.crm.qa.pages.HomePage.<init>(HomePage.java:5)
at com.crm.qa.pages.LoginPage.login(LoginPage.java:46)
at com.crm.qa.testcaases.LoginPageTest.loginTest(LoginPageTest.java:47)
at sun.reflect.NativeMethodAccessorImpl.invoke0(Native Method)
at sun.reflect.NativeMethodAccessorImpl.invoke(NativeMethodAccessorImpl.java:62)
at sun.reflect.DelegatingMethodAccessorImpl.invoke(DelegatingMethodAccessorImpl.java:43)
at java.lang.reflect.Method.invoke(Method.java:498)
at org.testng.internal.MethodInvocationHelper.invokeMethod(MethodInvocationHelper.java:124)
at org.testng.internal.Invoker.invokeMethod(Invoker.java:583)
at org.testng.internal.Invoker.invokeTestMethod(Invoker.java:719)
at org.testng.internal.Invoker.invokeTestMethods(Invoker.java:989)
at org.testng.internal.TestMethodWorker.invokeTestMethods(TestMethodWorker.java:125)
at org.testng.internal.TestMethodWorker.run(TestMethodWorker.java:109)
at org.testng.TestRunner.privateRun(TestRunner.java:648)
at org.testng.TestRunner.run(TestRunner.java:505)
at org.testng.SuiteRunner.runTest(SuiteRunner.java:455)
at org.testng.SuiteRunner.runSequentially(SuiteRunner.java:450)
at org.testng.SuiteRunner.privateRun(SuiteRunner.java:415)
at org.testng.SuiteRunner.run(SuiteRunner.java:364)
at org.testng.SuiteRunnerWorker.runSuite(SuiteRunnerWorker.java:52)
at org.testng.SuiteRunnerWorker.run(SuiteRunnerWorker.java:84)
at org.testng.TestNG.runSuitesSequentially(TestNG.java:1208)
at org.testng.TestNG.runSuitesLocally(TestNG.java:1137)
at org.testng.TestNG.runSuites(TestNG.java:1049)
at org.testng.TestNG.run(TestNG.java:1017)
at org.testng.remote.AbstractRemoteTestNG.run(AbstractRemoteTestNG.java:114)
at org.testng.remote.RemoteTestNG.initAndRun(RemoteTestNG.java:251)
at org.testng.remote.RemoteTestNG.main(RemoteTestNG.java:77)
]]>
            </full-stacktrace>
          </exception> <!-- java.lang.Error -->
          <reporter-output>
          </reporter-output>
        </test-method> <!-- loginTest -->
        <test-method status="PASS" signature="tearDown()[pri:0, instance:com.crm.qa.testcaases.LoginPageTest@39c0f4a]" name="tearDown" is-config="true" duration-ms="98" started-at="2019-03-13T03:28:36Z" finished-at="2019-03-13T03:28:37Z">
          <reporter-output>
          </reporter-output>
        </test-method> <!-- tearDown -->
      </class> <!-- com.crm.qa.testcaases.LoginPageTest -->
    </test> <!-- Default test -->
  </suite> <!-- Default suite -->
</testng-results>
